[:01000002] LAUNCH snlua bootstrap
[:01000003] LAUNCH snlua launcher
[:01000004] LAUNCH snlua cmaster
[:01000004] master listen socket 192.168.3.22:2013
[:01000005] LAUNCH snlua cslave
[:01000005] slave connect to master 192.168.3.22:2013
[:01000004] connect from 192.168.3.22:34128 4
[:01000006] LAUNCH harbor 1 16777221
[:01000004] Harbor 1 (fd=4) report 192.168.3.22:2526
[:01000005] Waiting for 0 harbors
[:01000005] Shakehand ready
[:01000007] LAUNCH snlua datacenterd
[:01000008] LAUNCH snlua service_mgr
[:01000009] LAUNCH snlua main
[:01000009] lua loader error : /home/xuchao/SkynetTest/service/main.lua:2: module 'common.util' not found:
	no field package.preload['common.util']
	no file '/home/xuchao/SkynetTest/lualib/common/util.lua'
	no file '/home/xuchao/SkynetTest/lualib/common/util/common/util.lua'
	no file '/home/xuchao/SkynetTest/skynet/lualib/common/util.lua'
	no file '/home/xuchao/SkynetTest/skynet/lualib/common/util/init.lua'
	no file '/home/xuchao/SkynetTest/common/util.lua'
	no file '/home/xuchao/SkynetTest/game/common/util.lua'
	no file '/home/xuchao/SkynetTest/../Lua/common/util.lua'
	no file '/home/xuchao/SkynetTest/game/scene/system/common/util.lua'
	no file '/home/xuchao/SkynetTest/../Lua/Common/common/util.lua'
	no file '/home/xuchao/SkynetTest/lualib/ECS/common/util.lua'
	no file '/home/xuchao/SkynetTest/skynet/luaclib/common/util.so'
	no file '/home/xuchao/SkynetTest/lualib/ECS/common/util.so'
	no file '/home/xuchao/SkynetTest/skynet/luaclib/common.so'
	no file '/home/xuchao/SkynetTest/lualib/ECS/common.so'
stack traceback:
	[C]: in function 'require'
	/home/xuchao/SkynetTest/service/main.lua:2: in local 'main'
	/home/xuchao/SkynetTest/skynet/lualib/loader.lua:48: in main chunk
[:01000009] KILL self
[:01000002] KILL self
